<?xml version="1.0" encoding="UTF-8"?>
<!-- Generated by org.testng.reporters.JUnitReportReporter -->
<testsuite skipped="0" hostname="DESKTOP-5H4QDEN" name="com.HyreFox.testCases.leadershipBoard" tests="1" failures="0" timestamp="2020-04-03T11:35:33 IST" time="14.340" errors="0">
  <testcase name="leaderboard" time="14.340" classname="com.HyreFox.testCases.leadershipBoard"/>
  <system-out/>
</testsuite> <!-- com.HyreFox.testCases.leadershipBoard -->
