<?xml version="1.0" encoding="UTF-8"?>
<!-- Generated by org.testng.reporters.JUnitReportReporter -->
<testsuite skipped="0" hostname="dimpi" name="com.HyreFox.testCases.LoginTest" tests="1" failures="0" timestamp="2020-05-25T16:02:42 IST" time="10.668" errors="0">
  <testcase name="logintest" time="10.668" classname="com.HyreFox.testCases.LoginTest"/>
  <system-out/>
</testsuite> <!-- com.HyreFox.testCases.LoginTest -->
