<?xml version="1.0" encoding="UTF-8"?>
<!-- Generated by org.testng.reporters.JUnitReportReporter -->
<testsuite skipped="0" hostname="DESKTOP-5H4QDEN" name="com.HyreFox.testCases.CreateEmployer" tests="1" failures="0" timestamp="2020-04-04T19:37:31 IST" time="43.084" errors="0">
  <testcase name="createemp" time="43.084" classname="com.HyreFox.testCases.CreateEmployer"/>
  <system-out/>
</testsuite> <!-- com.HyreFox.testCases.CreateEmployer -->
