<?xml version="1.0" encoding="UTF-8"?>
<!-- Generated by org.testng.reporters.JUnitReportReporter -->
<testsuite skipped="0" hostname="dimpi" name="com.HyreFox.testCases.LostCandidate_Assign" tests="1" failures="0" timestamp="2020-05-25T16:02:42 IST" time="87.900" errors="0">
  <testcase name="createrequire" time="87.900" classname="com.HyreFox.testCases.LostCandidate_Assign"/>
  <system-out/>
</testsuite> <!-- com.HyreFox.testCases.LostCandidate_Assign -->
