<?xml version="1.0" encoding="UTF-8"?>
<!-- Generated by org.testng.reporters.JUnitReportReporter -->
<testsuite skipped="0" hostname="DESKTOP-5H4QDEN" name="com.HyreFox.testCases.CreateRequirements" tests="1" failures="0" timestamp="2020-04-07T13:58:28 IST" time="40.920" errors="0">
  <testcase name="createrequire" time="40.920" classname="com.HyreFox.testCases.CreateRequirements"/>
  <system-out/>
</testsuite> <!-- com.HyreFox.testCases.CreateRequirements -->
