<?xml version="1.0" encoding="UTF-8"?>
<!-- Generated by org.testng.reporters.JUnitReportReporter -->
<testsuite skipped="0" hostname="dimpi" name="com.HyreFox.testCases.EmployerCommunication" tests="1" failures="0" timestamp="2020-05-25T16:02:42 IST" time="105.779" errors="0">
  <testcase name="empcom" time="105.779" classname="com.HyreFox.testCases.EmployerCommunication"/>
  <system-out/>
</testsuite> <!-- com.HyreFox.testCases.EmployerCommunication -->
