<?xml version="1.0" encoding="UTF-8"?>
<!-- Generated by org.testng.reporters.JUnitReportReporter -->
<testsuite skipped="0" hostname="dimpi" name="com.HyreFox.testData.gmail" tests="1" failures="0" timestamp="2020-05-19T16:22:49 IST" time="21.121" errors="0">
  <testcase name="setup" time="21.121" classname="com.HyreFox.testData.gmail"/>
  <system-out/>
</testsuite> <!-- com.HyreFox.testData.gmail -->
