<?xml version="1.0" encoding="UTF-8"?>
<!-- Generated by org.testng.reporters.JUnitReportReporter -->
<testsuite skipped="0" hostname="dimpi" name="com.HyreFox.testCases.AddCandidate" tests="1" failures="0" timestamp="2020-05-25T16:02:42 IST" time="34.448" errors="0">
  <testcase name="addcandidate" time="34.448" classname="com.HyreFox.testCases.AddCandidate"/>
  <system-out/>
</testsuite> <!-- com.HyreFox.testCases.AddCandidate -->
