<?xml version="1.0" encoding="UTF-8"?>
<!-- Generated by org.testng.reporters.JUnitReportReporter -->
<testsuite skipped="0" hostname="dimpi" name="com.HyreFox.testCases.CandidateInternalDB" tests="1" failures="0" timestamp="2020-05-25T16:02:42 IST" time="52.091" errors="0">
  <testcase name="createrequire" time="52.091" classname="com.HyreFox.testCases.CandidateInternalDB"/>
  <system-out/>
</testsuite> <!-- com.HyreFox.testCases.CandidateInternalDB -->
