<?xml version="1.0" encoding="UTF-8"?>
<!-- Generated by org.testng.reporters.JUnitReportReporter -->
<testsuite skipped="0" hostname="dimpi" name="com.HyreFox.testCases.CreateEmployer" tests="1" failures="0" timestamp="2020-05-25T16:02:42 IST" time="45.023" errors="0">
  <testcase name="createemp" time="45.023" classname="com.HyreFox.testCases.CreateEmployer"/>
  <system-out/>
</testsuite> <!-- com.HyreFox.testCases.CreateEmployer -->
