<?xml version="1.0" encoding="UTF-8"?>
<!-- Generated by org.testng.reporters.JUnitReportReporter -->
<testsuite skipped="0" hostname="DESKTOP-5H4QDEN" name="com.HyreFox.testCases.LoginTest" tests="1" failures="0" timestamp="2020-04-07T13:58:28 IST" time="83.487" errors="0">
  <testcase name="logintest" time="83.487" classname="com.HyreFox.testCases.LoginTest"/>
  <system-out/>
</testsuite> <!-- com.HyreFox.testCases.LoginTest -->
