<?xml version="1.0" encoding="UTF-8"?>
<!-- Generated by org.testng.reporters.JUnitReportReporter -->
<testsuite skipped="0" hostname="dimpi" name="com.HyreFox.testCases.Candidate" tests="1" failures="0" timestamp="2020-05-25T16:02:42 IST" time="50.730" errors="0">
  <testcase name="createrequire" time="50.730" classname="com.HyreFox.testCases.Candidate"/>
  <system-out/>
</testsuite> <!-- com.HyreFox.testCases.Candidate -->
