<?xml version="1.0" encoding="UTF-8"?>
<!-- Generated by org.testng.reporters.JUnitReportReporter -->
<testsuite skipped="0" hostname="dimpi" name="com.HyreFox.testCases.Employers" tests="1" failures="0" timestamp="2020-05-25T16:02:42 IST" time="27.526" errors="0">
  <testcase name="createrequire" time="27.526" classname="com.HyreFox.testCases.Employers"/>
  <system-out/>
</testsuite> <!-- com.HyreFox.testCases.Employers -->
